2011-09-22 08:22:55: ymbi登录系统
2011-09-22 08:23:27: ymbi：修改用户30
2011-09-22 08:30:11: ymbi登录系统
2011-09-22 09:02:43: ymbi登录系统
2011-09-22 11:12:18: ymbi登录系统
2011-09-22 11:12:32: ymbi：修改角色[1]的权限
2011-09-22 11:12:42: ymbi登录系统
2011-09-22 11:13:07: ymbi：修改窗体编号110125
2011-09-22 11:13:16: ymbi登录系统
2011-09-22 11:14:52: ymbi登录系统
2011-09-22 11:29:28: ymbi登录系统
2011-09-22 11:32:07: ymbi登录系统
2011-09-22 11:34:45: ymbi登录系统
2011-09-22 11:36:28: ymbi登录系统
2011-09-22 11:38:14: ymbi：条形码设置
2011-09-22 11:40:59: ymbi登录系统
2011-09-22 11:42:24: ymbi登录系统
2011-09-22 11:44:26: ymbi：条形码设置
2011-09-22 13:12:11: ymbi登录系统
2011-09-22 13:12:59: ymbi：条形码设置
2011-09-22 13:13:23: ymbi：条形码设置
2011-09-22 13:13:46: ymbi：条形码设置
2011-09-22 13:14:06: ymbi：条形码设置
2011-09-22 13:14:38: ymbi：条形码设置
2011-09-22 13:14:59: ymbi：条形码设置
2011-09-22 13:15:30: ymbi：条形码设置
2011-09-22 13:15:51: ymbi：条形码设置
2011-09-22 13:16:03: ymbi：条形码设置
2011-09-22 13:16:15: ymbi：条形码设置
2011-09-22 13:16:42: ymbi：条形码设置
2011-09-22 13:17:03: ymbi：条形码设置
2011-09-22 13:17:21: ymbi：条形码设置
2011-09-22 13:17:37: ymbi：条形码设置
2011-09-22 13:17:55: ymbi：条形码设置
2011-09-22 13:18:19: ymbi：条形码设置
2011-09-22 13:18:39: ymbi：条形码设置
2011-09-22 13:18:52: ymbi：条形码设置
2011-09-22 13:19:15: ymbi：条形码设置
2011-09-22 13:34:49: ymbi登录系统
2011-09-22 13:35:16: ymbi登录系统
2011-09-22 13:39:17: ymbi登录系统
2011-09-22 14:13:33: ymbi登录系统
2011-09-22 14:15:48: ymbi登录系统
2011-09-22 14:18:03: ymbi登录系统
2011-09-22 14:19:57: ymbi登录系统
2011-09-22 14:22:41: ymbi登录系统
2011-09-22 14:25:08: ymbi登录系统
2011-09-22 14:27:50: ymbi登录系统
2011-09-22 14:40:40: ymbi登录系统
2011-09-22 14:42:46: ymbi登录系统
2011-09-22 14:44:18: ymbi登录系统
2011-09-22 14:46:59: ymbi登录系统
2011-09-22 14:50:38: ymbi登录系统
2011-09-22 14:51:11: ymbi：删除条形码设置
2011-09-22 14:51:32: ymbi：条形码设置
2011-09-22 14:59:35: ymbi登录系统
2011-09-22 15:25:14: ymbi登录系统
2011-09-22 15:25:46: ymbi登录系统
2011-09-22 15:27:29: ymbi登录系统
2011-09-22 15:31:04: ymbi登录系统
2011-09-22 15:32:26: ymbi登录系统
2011-09-22 15:38:36: ymbi登录系统
2011-09-22 15:44:38: ymbi登录系统
2011-09-22 15:48:55: ymbi登录系统
2011-09-22 15:49:52: ymbi登录系统
2011-09-22 15:50:02: ymbi：删除条形码设置
2011-09-22 15:50:31: ymbi：条形码设置
2011-09-22 15:53:42: ymbi登录系统
2011-09-22 15:53:52: ymbi：删除条形码设置
2011-09-22 15:54:15: ymbi：条形码设置
2011-09-22 15:57:04: ymbi登录系统
2011-09-22 16:03:21: ymbi登录系统
2011-09-22 16:06:46: ymbi登录系统
2011-09-22 16:26:53: ymbi登录系统
2011-09-22 16:28:01: ymbi登录系统
2011-09-22 16:30:50: ymbi登录系统
