2011-09-29 10:23:43: ymbi登录系统
2011-09-29 13:30:13: ymbi登录系统
2011-09-29 13:33:17: ymbi登录系统
2011-09-29 13:34:34: ymbi登录系统
2011-09-29 13:35:21: ymbi：增加窗体编号110304
2011-09-29 13:35:39: ymbi：修改窗体编号110301
2011-09-29 13:35:57: ymbi：修改窗体编号110303
2011-09-29 13:36:22: ymbi：修改窗体编号110302
2011-09-29 13:36:42: ymbi：删除窗体编号110304
2011-09-29 13:36:56: ymbi登录系统
2011-09-29 14:15:57: ymbi登录系统
2011-09-29 14:53:15: ymbi登录系统
2011-09-29 14:55:44: ymbi登录系统
2011-09-29 14:56:46: ymbi从JDE系统更新数据成功。
2011-09-29 15:12:52: ymbi从JDE系统更新数据成功。
2011-09-29 15:55:34: ymbi登录系统
2011-09-29 15:56:27: ymbi登录系统
2011-09-29 16:05:23: ymbi登录系统
2011-09-29 16:07:07: ymbi登录系统
2011-09-29 16:10:51: ymbi登录系统
2011-09-29 16:15:50: ymbi登录系统
2011-09-29 16:18:50: ymbi登录系统
2011-09-29 16:27:05: ymbi登录系统
2011-09-29 16:32:19: ymbi登录系统
2011-09-29 16:57:27: ymbi登录系统
2011-09-29 17:03:45: ymbi登录系统
